<?xml version="1.0" encoding="UTF-8"?>
<testng-results ignored="0" total="1" passed="1" failed="0" skipped="0">
  <reporter-output>
  </reporter-output>
  <suite started-at="2022-08-29T16:29:46 CLT" name="Suite" finished-at="2022-08-29T16:30:19 CLT" duration-ms="32810">
    <groups>
    </groups>
    <test started-at="2022-08-29T16:29:46 CLT" name="Test" finished-at="2022-08-29T16:30:19 CLT" duration-ms="32810">
      <class name="testMutual.AltoroMutualTest">
        <test-method is-config="true" signature="beforeTestMethod()[pri:0, instance:testMutual.AltoroMutualTest@7c9d8e2]" started-at="2022-08-29T16:29:46 CLT" name="beforeTestMethod" finished-at="2022-08-29T16:29:47 CLT" duration-ms="117" status="PASS">
          <reporter-output>
          </reporter-output>
        </test-method> <!-- beforeTestMethod -->
        <test-method is-config="true" signature="beforeMethodMethod(java.lang.String,java.lang.reflect.Method)[pri:0, instance:testMutual.AltoroMutualTest@7c9d8e2]" started-at="2022-08-29T16:29:47 CLT" name="beforeMethodMethod" finished-at="2022-08-29T16:29:49 CLT" duration-ms="2358" status="PASS">
          <params>
            <param index="0">
              <value>
                <![CDATA[chrome]]>
              </value>
            </param>
            <param index="1">
              <value>
                <![CDATA[public void testMutual.AltoroMutualTest.QAS12(java.lang.String[]) throws java.lang.InterruptedException]]>
              </value>
            </param>
          </params>
          <reporter-output>
          </reporter-output>
        </test-method> <!-- beforeMethodMethod -->
        <test-method signature="QAS12([Ljava.lang.String;)[pri:0, instance:testMutual.AltoroMutualTest@7c9d8e2]" started-at="2022-08-29T16:29:49 CLT" name="QAS12" data-provider="carritoComprasData" finished-at="2022-08-29T16:30:19 CLT" duration-ms="29705" status="PASS">
          <params>
            <param index="0">
              <value>
                <![CDATA[[Ljava.lang.String;@2301b75]]>
              </value>
            </param>
          </params>
          <reporter-output>
          </reporter-output>
        </test-method> <!-- QAS12 -->
        <test-method is-config="true" signature="afterMethodMethod(org.testng.ITestResult)[pri:0, instance:testMutual.AltoroMutualTest@7c9d8e2]" started-at="2022-08-29T16:30:19 CLT" name="afterMethodMethod" finished-at="2022-08-29T16:30:19 CLT" duration-ms="196" status="PASS">
          <params>
            <param index="0">
              <value>
                <![CDATA[[TestResult name=QAS12 status=SUCCESS method=AltoroMutualTest.QAS12([Ljava.lang.String;)[pri:0, instance:testMutual.AltoroMutualTest@7c9d8e2] output={null}]]]>
              </value>
            </param>
          </params>
          <reporter-output>
          </reporter-output>
        </test-method> <!-- afterMethodMethod -->
        <test-method is-config="true" signature="afterTestMethod()[pri:0, instance:testMutual.AltoroMutualTest@7c9d8e2]" started-at="2022-08-29T16:30:19 CLT" name="afterTestMethod" finished-at="2022-08-29T16:30:19 CLT" duration-ms="193" status="PASS">
          <reporter-output>
          </reporter-output>
        </test-method> <!-- afterTestMethod -->
      </class> <!-- testMutual.AltoroMutualTest -->
    </test> <!-- Test -->
  </suite> <!-- Suite -->
</testng-results>
